#
# There is insufficient memory for the Java Runtime Environment to continue.
# Native memory allocation (malloc) failed to allocate 1100256 bytes for Chunk::new
# Possible reasons:
#   The system is out of physical RAM or swap space
#   The process is running with CompressedOops enabled, and the Java Heap may be blocking the growth of the native heap
# Possible solutions:
#   Reduce memory load on the system
#   Increase physical memory or swap space
#   Check if swap backing store is full
#   Decrease Java heap size (-Xmx/-Xms)
#   Decrease number of Java threads
#   Decrease Java thread stack sizes (-Xss)
#   Set larger code cache with -XX:ReservedCodeCacheSize=
#   JVM is running with Unscaled Compressed Oops mode in which the Java heap is
#     placed in the first 4GB address space. The Java Heap base address is the
#     maximum limit for the native heap growth. Please use -XX:HeapBaseMinAddress
#     to set the Java Heap base and to place the Java Heap above 4GB virtual address.
# This output file may be truncated or incomplete.
#
#  Out of Memory Error (arena.cpp:189), pid=5392, tid=10336
#
# JRE version: OpenJDK Runtime Environment Temurin-17.0.4.1+1 (17.0.4.1+1) (build 17.0.4.1+1)
# Java VM: OpenJDK 64-Bit Server VM Temurin-17.0.4.1+1 (17.0.4.1+1, mixed mode, tiered, compressed oops, compressed class ptrs, g1 gc, windows-amd64)
# No core dump will be written. Minidumps are not enabled by default on client versions of Windows
#

---------------  S U M M A R Y ------------

Command Line: -Dfile.encoding=UTF-8 --module-path=C:\Users\joao-nahmias\eclipse-workspace\Hospital\bin;C:\Users\joao-nahmias\Downloads\postgresql-42.5.0 (1).jar -XX:+ShowCodeDetailsInExceptionMessages -Djdk.module.main=Hospital Hospital/Visao.Principal

Host: Intel(R) Core(TM) i3-2330M CPU @ 2.20GHz, 4 cores, 1G,  Windows 11 , 64 bit Build 22621 (10.0.22621.755)
Time: Fri Dec  9 20:20:42 2022 Hora oficial do Brasil elapsed time: 16.148614 seconds (0d 0h 0m 16s)

---------------  T H R E A D  ---------------

Current thread (0x0000017e27197cb0):  JavaThread "C2 CompilerThread0" daemon [_thread_in_native, id=10336, stack(0x00000002bc400000,0x00000002bc500000)]


Current CompileTask:
C2:  16148  933 % !   4       com.sun.crypto.provider.PBKDF2KeyImpl::deriveKey @ 191 (295 bytes)

Stack: [0x00000002bc400000,0x00000002bc500000]
Native frames: (J=compiled Java code, j=interpreted, Vv=VM code, C=native code)
V  [jvm.dll+0x67731a]
V  [jvm.dll+0x832284]
V  [jvm.dll+0x833a2e]
V  [jvm.dll+0x834093]
V  [jvm.dll+0x245775]
V  [jvm.dll+0xabd7b]
V  [jvm.dll+0xac30c]
V  [jvm.dll+0x2ac80f]
V  [jvm.dll+0x57dd77]
V  [jvm.dll+0x220892]
V  [jvm.dll+0x220c6f]
V  [jvm.dll+0x21a4d5]
V  [jvm.dll+0x21799b]
V  [jvm.dll+0x1a3f8d]
V  [jvm.dll+0x227498]
V  [jvm.dll+0x2255e5]
V  [jvm.dll+0x7e7e9b]
V  [jvm.dll+0x7e240a]
V  [jvm.dll+0x6761a5]
C  [ucrtbase.dll+0x29363]
C  [KERNEL32.DLL+0x1244d]
C  [ntdll.dll+0x5dfb8]


---------------  P R O C E S S  ---------------

Threads class SMR info:
_java_thread_list=0x0000017e27e369b0, length=12, elements={
0x0000017e11378fc0, 0x0000017e27142130, 0x0000017e27142800, 0x0000017e2717cdf0,
0x0000017e2717d2c0, 0x0000017e2717d790, 0x0000017e27184ab0, 0x0000017e27197cb0,
0x0000017e27198360, 0x0000017e271a8940, 0x0000017e27c8b140, 0x0000017e27e65cf0
}

Java Threads: ( => current thread )
  0x0000017e11378fc0 JavaThread "main" [_thread_in_Java, id=9328, stack(0x00000002bb700000,0x00000002bb800000)]
  0x0000017e27142130 JavaThread "Reference Handler" daemon [_thread_blocked, id=8980, stack(0x00000002bbe00000,0x00000002bbf00000)]
  0x0000017e27142800 JavaThread "Finalizer" daemon [_thread_blocked, id=8572, stack(0x00000002bbf00000,0x00000002bc000000)]
  0x0000017e2717cdf0 JavaThread "Signal Dispatcher" daemon [_thread_blocked, id=3780, stack(0x00000002bc000000,0x00000002bc100000)]
  0x0000017e2717d2c0 JavaThread "Attach Listener" daemon [_thread_blocked, id=12140, stack(0x00000002bc100000,0x00000002bc200000)]
  0x0000017e2717d790 JavaThread "Service Thread" daemon [_thread_blocked, id=9256, stack(0x00000002bc200000,0x00000002bc300000)]
  0x0000017e27184ab0 JavaThread "Monitor Deflation Thread" daemon [_thread_blocked, id=7040, stack(0x00000002bc300000,0x00000002bc400000)]
=>0x0000017e27197cb0 JavaThread "C2 CompilerThread0" daemon [_thread_in_native, id=10336, stack(0x00000002bc400000,0x00000002bc500000)]
  0x0000017e27198360 JavaThread "C1 CompilerThread0" daemon [_thread_blocked, id=9996, stack(0x00000002bc500000,0x00000002bc600000)]
  0x0000017e271a8940 JavaThread "Sweeper thread" daemon [_thread_blocked, id=11824, stack(0x00000002bc600000,0x00000002bc700000)]
  0x0000017e27c8b140 JavaThread "Common-Cleaner" daemon [_thread_blocked, id=10320, stack(0x00000002bc700000,0x00000002bc800000)]
  0x0000017e27e65cf0 JavaThread "Notification Thread" daemon [_thread_blocked, id=7044, stack(0x00000002bc800000,0x00000002bc900000)]

Other Threads:
  0x0000017e270e8110 VMThread "VM Thread" [stack: 0x00000002bbd00000,0x00000002bbe00000] [id=5812]
  0x0000017e113ba300 WatcherThread [stack: 0x00000002bc900000,0x00000002bca00000] [id=7576]
  0x0000017e113a5a00 GCTaskThread "GC Thread#0" [stack: 0x00000002bb800000,0x00000002bb900000] [id=11448]
  0x0000017e28a605a0 GCTaskThread "GC Thread#1" [stack: 0x00000002bcb00000,0x00000002bcc00000] [id=8056]
  0x0000017e28936da0 GCTaskThread "GC Thread#2" [stack: 0x00000002bcc00000,0x00000002bcd00000] [id=9112]
  0x0000017e28937050 GCTaskThread "GC Thread#3" [stack: 0x00000002bcd00000,0x00000002bce00000] [id=13148]
  0x0000017e113aa910 ConcurrentGCThread "G1 Main Marker" [stack: 0x00000002bb900000,0x00000002bba00000] [id=8320]
  0x0000017e113ad180 ConcurrentGCThread "G1 Conc#0" [stack: 0x00000002bba00000,0x00000002bbb00000] [id=13000]
  0x0000017e113e98b0 ConcurrentGCThread "G1 Refine#0" [stack: 0x00000002bbb00000,0x00000002bbc00000] [id=12008]
  0x0000017e113e9d80 ConcurrentGCThread "G1 Service" [stack: 0x00000002bbc00000,0x00000002bbd00000] [id=9308]

Threads with active compile tasks:
C2 CompilerThread0    16203  933 % !   4       com.sun.crypto.provider.PBKDF2KeyImpl::deriveKey @ 191 (295 bytes)

VM state: not at safepoint (normal execution)

VM Mutex/Monitor currently owned by a thread: None

Heap address: 0x00000000e1000000, size: 496 MB, Compressed Oops mode: 32-bit

CDS archive(s) not mapped
Compressed class space mapped at: 0x0000000100000000-0x0000000140000000, reserved size: 1073741824
Narrow klass base: 0x0000000000000000, Narrow klass shift: 3, Narrow klass range: 0x140000000

GC Precious Log:
 CPUs: 4 total, 4 available
 Memory: 1982M
 Large Page Support: Disabled
 NUMA Support: Disabled
 Compressed Oops: Enabled (32-bit)
 Heap Region Size: 1M
 Heap Min Capacity: 8M
 Heap Initial Capacity: 32M
 Heap Max Capacity: 496M
 Pre-touch: Disabled
 Parallel Workers: 4
 Concurrent Workers: 1
 Concurrent Refinement Workers: 4
 Periodic GC: Disabled

Heap:
 garbage-first heap   total 32768K, used 3995K [0x00000000e1000000, 0x0000000100000000)
  region size 1024K, 4 young (4096K), 2 survivors (2048K)
 Metaspace       used 14003K, committed 14144K, reserved 1064960K
  class space    used 1339K, committed 1408K, reserved 1048576K

Heap Regions: E=young(eden), S=young(survivor), O=old, HS=humongous(starts), HC=humongous(continues), CS=collection set, F=free, OA=open archive, CA=closed archive, TAMS=top-at-mark-start (previous, next)
|   0|0x00000000e1000000, 0x00000000e10e6e00, 0x00000000e1100000| 90%| O|  |TAMS 0x00000000e1000000, 0x00000000e1000000| Untracked 
|   1|0x00000000e1100000, 0x00000000e1100000, 0x00000000e1200000|  0%| F|  |TAMS 0x00000000e1100000, 0x00000000e1100000| Untracked 
|   2|0x00000000e1200000, 0x00000000e1200000, 0x00000000e1300000|  0%| F|  |TAMS 0x00000000e1200000, 0x00000000e1200000| Untracked 
|   3|0x00000000e1300000, 0x00000000e1300000, 0x00000000e1400000|  0%| F|  |TAMS 0x00000000e1300000, 0x00000000e1300000| Untracked 
|   4|0x00000000e1400000, 0x00000000e1400000, 0x00000000e1500000|  0%| F|  |TAMS 0x00000000e1400000, 0x00000000e1400000| Untracked 
|   5|0x00000000e1500000, 0x00000000e1500000, 0x00000000e1600000|  0%| F|  |TAMS 0x00000000e1500000, 0x00000000e1500000| Untracked 
|   6|0x00000000e1600000, 0x00000000e1600000, 0x00000000e1700000|  0%| F|  |TAMS 0x00000000e1600000, 0x00000000e1600000| Untracked 
|   7|0x00000000e1700000, 0x00000000e1700000, 0x00000000e1800000|  0%| F|  |TAMS 0x00000000e1700000, 0x00000000e1700000| Untracked 
|   8|0x00000000e1800000, 0x00000000e1800000, 0x00000000e1900000|  0%| F|  |TAMS 0x00000000e1800000, 0x00000000e1800000| Untracked 
|   9|0x00000000e1900000, 0x00000000e1900000, 0x00000000e1a00000|  0%| F|  |TAMS 0x00000000e1900000, 0x00000000e1900000| Untracked 
|  10|0x00000000e1a00000, 0x00000000e1a00000, 0x00000000e1b00000|  0%| F|  |TAMS 0x00000000e1a00000, 0x00000000e1a00000| Untracked 
|  11|0x00000000e1b00000, 0x00000000e1b00000, 0x00000000e1c00000|  0%| F|  |TAMS 0x00000000e1b00000, 0x00000000e1b00000| Untracked 
|  12|0x00000000e1c00000, 0x00000000e1c00000, 0x00000000e1d00000|  0%| F|  |TAMS 0x00000000e1c00000, 0x00000000e1c00000| Untracked 
|  13|0x00000000e1d00000, 0x00000000e1d00000, 0x00000000e1e00000|  0%| F|  |TAMS 0x00000000e1d00000, 0x00000000e1d00000| Untracked 
|  14|0x00000000e1e00000, 0x00000000e1e00000, 0x00000000e1f00000|  0%| F|  |TAMS 0x00000000e1e00000, 0x00000000e1e00000| Untracked 
|  15|0x00000000e1f00000, 0x00000000e1f00000, 0x00000000e2000000|  0%| F|  |TAMS 0x00000000e1f00000, 0x00000000e1f00000| Untracked 
|  16|0x00000000e2000000, 0x00000000e2000000, 0x00000000e2100000|  0%| F|  |TAMS 0x00000000e2000000, 0x00000000e2000000| Untracked 
|  17|0x00000000e2100000, 0x00000000e2200000, 0x00000000e2200000|100%| S|CS|TAMS 0x00000000e2100000, 0x00000000e2100000| Complete 
|  18|0x00000000e2200000, 0x00000000e2300000, 0x00000000e2300000|100%| S|CS|TAMS 0x00000000e2200000, 0x00000000e2200000| Complete 
|  19|0x00000000e2300000, 0x00000000e2300000, 0x00000000e2400000|  0%| F|  |TAMS 0x00000000e2300000, 0x00000000e2300000| Untracked 
|  20|0x00000000e2400000, 0x00000000e2400000, 0x00000000e2500000|  0%| F|  |TAMS 0x00000000e2400000, 0x00000000e2400000| Untracked 
|  21|0x00000000e2500000, 0x00000000e2500000, 0x00000000e2600000|  0%| F|  |TAMS 0x00000000e2500000, 0x00000000e2500000| Untracked 
|  22|0x00000000e2600000, 0x00000000e2600000, 0x00000000e2700000|  0%| F|  |TAMS 0x00000000e2600000, 0x00000000e2600000| Untracked 
|  23|0x00000000e2700000, 0x00000000e2700000, 0x00000000e2800000|  0%| F|  |TAMS 0x00000000e2700000, 0x00000000e2700000| Untracked 
|  24|0x00000000e2800000, 0x00000000e2800000, 0x00000000e2900000|  0%| F|  |TAMS 0x00000000e2800000, 0x00000000e2800000| Untracked 
|  25|0x00000000e2900000, 0x00000000e2900000, 0x00000000e2a00000|  0%| F|  |TAMS 0x00000000e2900000, 0x00000000e2900000| Untracked 
|  26|0x00000000e2a00000, 0x00000000e2a00000, 0x00000000e2b00000|  0%| F|  |TAMS 0x00000000e2a00000, 0x00000000e2a00000| Untracked 
|  27|0x00000000e2b00000, 0x00000000e2b00000, 0x00000000e2c00000|  0%| F|  |TAMS 0x00000000e2b00000, 0x00000000e2b00000| Untracked 
|  28|0x00000000e2c00000, 0x00000000e2c00000, 0x00000000e2d00000|  0%| F|  |TAMS 0x00000000e2c00000, 0x00000000e2c00000| Untracked 
|  29|0x00000000e2d00000, 0x00000000e2d00000, 0x00000000e2e00000|  0%| F|  |TAMS 0x00000000e2d00000, 0x00000000e2d00000| Untracked 
|  30|0x00000000e2e00000, 0x00000000e2e3c4f0, 0x00000000e2f00000| 23%| E|  |TAMS 0x00000000e2e00000, 0x00000000e2e00000| Complete 
|  31|0x00000000e2f00000, 0x00000000e3000000, 0x00000000e3000000|100%| E|CS|TAMS 0x00000000e2f00000, 0x00000000e2f00000| Complete 

Card table byte_map: [0x0000017e23a40000,0x0000017e23b40000] _byte_map_base: 0x0000017e23338000

Marking Bits (Prev, Next): (CMBitMap*) 0x0000017e113a6010, (CMBitMap*) 0x0000017e113a6050
 Prev Bits: [0x0000017e23c40000, 0x0000017e24400000)
 Next Bits: [0x0000017e24400000, 0x0000017e24bc0000)

Polling page: 0x0000017e0f300000

Metaspace:

Usage:
  Non-class:     12.37 MB used.
      Class:      1.31 MB used.
       Both:     13.68 MB used.

Virtual space:
  Non-class space:       16.00 MB reserved,      12.44 MB ( 78%) committed,  2 nodes.
      Class space:        1.00 GB reserved,       1.38 MB ( <1%) committed,  1 nodes.
             Both:        1.02 GB reserved,      13.81 MB (  1%) committed. 

Chunk freelists:
   Non-Class:  3.59 MB
       Class:  2.62 MB
        Both:  6.22 MB

MaxMetaspaceSize: unlimited
CompressedClassSpaceSize: 1.00 GB
Initial GC threshold: 21.00 MB
Current GC threshold: 21.00 MB
CDS: off
MetaspaceReclaimPolicy: balanced
 - commit_granule_bytes: 65536.
 - commit_granule_words: 8192.
 - virtual_space_node_default_size: 1048576.
 - enlarge_chunks_in_place: 1.
 - new_chunks_are_fully_committed: 0.
 - uncommit_free_chunks: 1.
 - use_allocation_guard: 0.
 - handle_deallocations: 1.


Internal statistics:

num_allocs_failed_limit: 0.
num_arena_births: 66.
num_arena_deaths: 0.
num_vsnodes_births: 3.
num_vsnodes_deaths: 0.
num_space_committed: 221.
num_space_uncommitted: 0.
num_chunks_returned_to_freelist: 0.
num_chunks_taken_from_freelist: 193.
num_chunk_merges: 0.
num_chunk_splits: 105.
num_chunks_enlarged: 69.
num_purges: 0.
num_inconsistent_stats: 0.

CodeHeap 'non-profiled nmethods': size=120000Kb used=299Kb max_used=299Kb free=119700Kb
 bounds [0x0000017e1c510000, 0x0000017e1c780000, 0x0000017e23a40000]
CodeHeap 'profiled nmethods': size=120000Kb used=1756Kb max_used=1756Kb free=118243Kb
 bounds [0x0000017e14fe0000, 0x0000017e15250000, 0x0000017e1c510000]
CodeHeap 'non-nmethods': size=5760Kb used=1166Kb max_used=1175Kb free=4594Kb
 bounds [0x0000017e14a40000, 0x0000017e14cb0000, 0x0000017e14fe0000]
 total_blobs=1465 nmethods=1004 adapters=374
 compilation: enabled
              stopped_count=0, restarted_count=0
 full_count=0

Compilation events (20 events):
Event: 16.026 Thread 0x0000017e27198360  995       3       java.util.Collections$SetFromMap::remove (19 bytes)
Event: 16.026 Thread 0x0000017e27198360 nmethod 995 0x0000017e15191b10 code [0x0000017e15191cc0, 0x0000017e15191ee8]
Event: 16.031 Thread 0x0000017e27198360  997   !   3       java.util.zip.Inflater::setInput (69 bytes)
Event: 16.031 Thread 0x0000017e27198360 nmethod 997 0x0000017e15191f90 code [0x0000017e15192160, 0x0000017e15192568]
Event: 16.064 Thread 0x0000017e27198360 1000       3       java.util.zip.ZipFile$Source::getEntryNext (9 bytes)
Event: 16.064 Thread 0x0000017e27198360 nmethod 1000 0x0000017e15192710 code [0x0000017e151928a0, 0x0000017e151929d8]
Event: 16.064 Thread 0x0000017e27198360 1001       3       jdk.internal.loader.BuiltinClassLoader$LoadedModule::codeSourceURL (32 bytes)
Event: 16.065 Thread 0x0000017e27198360 nmethod 1001 0x0000017e15192a90 code [0x0000017e15192c40, 0x0000017e15192f68]
Event: 16.067 Thread 0x0000017e27198360 1002       3       java.security.CodeSource::<init> (52 bytes)
Event: 16.067 Thread 0x0000017e27198360 nmethod 1002 0x0000017e15193110 code [0x0000017e151932e0, 0x0000017e15193858]
Event: 16.067 Thread 0x0000017e27198360 1003       3       sun.net.util.URLUtil::urlNoFragString (114 bytes)
Event: 16.070 Thread 0x0000017e27198360 nmethod 1003 0x0000017e15193990 code [0x0000017e15193cc0, 0x0000017e15194cd8]
Event: 16.070 Thread 0x0000017e27198360 1004       3       java.security.SecureClassLoader::defineClass (12 bytes)
Event: 16.070 Thread 0x0000017e27198360 nmethod 1004 0x0000017e15195290 code [0x0000017e15195440, 0x0000017e151955d8]
Event: 16.074 Thread 0x0000017e27198360 1005       3       java.lang.Character::digit (6 bytes)
Event: 16.074 Thread 0x0000017e27198360 nmethod 1005 0x0000017e15195690 code [0x0000017e15195840, 0x0000017e15195a78]
Event: 16.074 Thread 0x0000017e27198360 1006       3       java.math.BigInteger::trustedStripLeadingZeroInts (37 bytes)
Event: 16.075 Thread 0x0000017e27198360 nmethod 1006 0x0000017e15195b90 code [0x0000017e15195d40, 0x0000017e15195fa8]
Event: 16.077 Thread 0x0000017e27198360 1007       3       jdk.internal.misc.Unsafe::checkPointer (19 bytes)
Event: 16.078 Thread 0x0000017e27198360 nmethod 1007 0x0000017e15196090 code [0x0000017e15196260, 0x0000017e15196608]

GC Heap History (2 events):
Event: 15.980 GC heap before
{Heap before GC invocations=0 (full 0):
 garbage-first heap   total 32768K, used 13312K [0x00000000e1000000, 0x0000000100000000)
  region size 1024K, 13 young (13312K), 0 survivors (0K)
 Metaspace       used 13497K, committed 13696K, reserved 1064960K
  class space    used 1306K, committed 1408K, reserved 1048576K
}
Event: 15.990 GC heap after
{Heap after GC invocations=1 (full 0):
 garbage-first heap   total 32768K, used 2971K [0x00000000e1000000, 0x0000000100000000)
  region size 1024K, 2 young (2048K), 2 survivors (2048K)
 Metaspace       used 13497K, committed 13696K, reserved 1064960K
  class space    used 1306K, committed 1408K, reserved 1048576K
}

Deoptimization events (20 events):
Event: 15.900 Thread 0x0000017e11378fc0 DEOPT PACKING pc=0x0000017e1515ed6e sp=0x00000002bb7fe010
Event: 15.900 Thread 0x0000017e11378fc0 DEOPT UNPACKING pc=0x0000017e14a92b43 sp=0x00000002bb7fd468 mode 0
Event: 15.905 Thread 0x0000017e11378fc0 DEOPT PACKING pc=0x0000017e1515ed6e sp=0x00000002bb7fe3f0
Event: 15.905 Thread 0x0000017e11378fc0 DEOPT UNPACKING pc=0x0000017e14a92b43 sp=0x00000002bb7fd848 mode 0
Event: 15.955 Thread 0x0000017e11378fc0 Uncommon trap: trap_request=0xffffff45 fr.pc=0x0000017e1c550eb8 relative=0x0000000000000378
Event: 15.955 Thread 0x0000017e11378fc0 Uncommon trap: reason=unstable_if action=reinterpret pc=0x0000017e1c550eb8 method=java.lang.Integer.parseInt(Ljava/lang/String;I)I @ 119 c2
Event: 15.955 Thread 0x0000017e11378fc0 DEOPT PACKING pc=0x0000017e1c550eb8 sp=0x00000002bb7feb90
Event: 15.955 Thread 0x0000017e11378fc0 DEOPT UNPACKING pc=0x0000017e14a923a3 sp=0x00000002bb7feb08 mode 2
Event: 15.993 Thread 0x0000017e11378fc0 Uncommon trap: trap_request=0xffffff45 fr.pc=0x0000017e1c54ede0 relative=0x00000000000000c0
Event: 15.993 Thread 0x0000017e11378fc0 Uncommon trap: reason=unstable_if action=reinterpret pc=0x0000017e1c54ede0 method=java.lang.CharacterDataLatin1.digit(II)I @ 7 c2
Event: 15.993 Thread 0x0000017e11378fc0 DEOPT PACKING pc=0x0000017e1c54ede0 sp=0x00000002bb7fe8f0
Event: 15.993 Thread 0x0000017e11378fc0 DEOPT UNPACKING pc=0x0000017e14a923a3 sp=0x00000002bb7fe7b0 mode 2
Event: 16.022 Thread 0x0000017e11378fc0 Uncommon trap: trap_request=0xffffff45 fr.pc=0x0000017e1c54e0b0 relative=0x0000000000000170
Event: 16.022 Thread 0x0000017e11378fc0 Uncommon trap: reason=unstable_if action=reinterpret pc=0x0000017e1c54e0b0 method=java.util.concurrent.ConcurrentHashMap.addCount(JI)V @ 121 c2
Event: 16.022 Thread 0x0000017e11378fc0 DEOPT PACKING pc=0x0000017e1c54e0b0 sp=0x00000002bb7fdbf0
Event: 16.022 Thread 0x0000017e11378fc0 DEOPT UNPACKING pc=0x0000017e14a923a3 sp=0x00000002bb7fdb50 mode 2
Event: 16.077 Thread 0x0000017e11378fc0 Uncommon trap: trap_request=0xffffff45 fr.pc=0x0000017e1c547998 relative=0x0000000000000178
Event: 16.077 Thread 0x0000017e11378fc0 Uncommon trap: reason=unstable_if action=reinterpret pc=0x0000017e1c547998 method=java.lang.invoke.VarHandle.checkExactAccessMode(Ljava/lang/invoke/VarHandle$AccessDescriptor;)V @ 4 c2
Event: 16.077 Thread 0x0000017e11378fc0 DEOPT PACKING pc=0x0000017e1c547998 sp=0x00000002bb7fea00
Event: 16.077 Thread 0x0000017e11378fc0 DEOPT UNPACKING pc=0x0000017e14a923a3 sp=0x00000002bb7fe9e0 mode 2

Classes unloaded (0 events):
No events

Classes redefined (0 events):
No events

Internal exceptions (20 events):
Event: 0.654 Thread 0x0000017e11378fc0 Exception <a 'java/lang/NoSuchMethodError'{0x00000000e2d4c360}: 'java.lang.Object java.lang.invoke.DirectMethodHandle$Holder.invokeInterface(java.lang.Object, java.lang.Object)'> (0x00000000e2d4c360) 
thrown [s\src\hotspot\share\interpreter\linkResolver.cpp, line 759]
Event: 0.655 Thread 0x0000017e11378fc0 Exception <a 'java/lang/IncompatibleClassChangeError'{0x00000000e2d4f8b0}: Found class java.lang.Object, but interface was expected> (0x00000000e2d4f8b0) 
thrown [s\src\hotspot\share\interpreter\linkResolver.cpp, line 826]
Event: 0.656 Thread 0x0000017e11378fc0 Exception <a 'java/lang/NoSuchMethodError'{0x00000000e2d52678}: 'void java.lang.invoke.DirectMethodHandle$Holder.invokeStatic(java.lang.Object, java.lang.Object, java.lang.Object, java.lang.Object)'> (0x00000000e2d52678) 
thrown [s\src\hotspot\share\interpreter\linkResolver.cpp, line 759]
Event: 15.178 Thread 0x0000017e11378fc0 Exception <a 'sun/nio/fs/WindowsException'{0x00000000e2bce6e0}> (0x00000000e2bce6e0) 
thrown [s\src\hotspot\share\prims\jni.cpp, line 516]
Event: 15.201 Thread 0x0000017e11378fc0 Exception <a 'sun/nio/fs/WindowsException'{0x00000000e2a18738}> (0x00000000e2a18738) 
thrown [s\src\hotspot\share\prims\jni.cpp, line 516]
Event: 15.239 Thread 0x0000017e11378fc0 Exception <a 'java/lang/NoSuchMethodError'{0x00000000e2a907c8}: 'java.lang.Object java.lang.invoke.DirectMethodHandle$Holder.invokeVirtual(java.lang.Object, java.lang.Object, java.lang.Object, java.lang.Object)'> (0x00000000e2a907c8) 
thrown [s\src\hotspot\share\interpreter\linkResolver.cpp, line 759]
Event: 15.261 Thread 0x0000017e11378fc0 Exception <a 'java/lang/NoSuchMethodError'{0x00000000e2919448}: 'int java.lang.invoke.DirectMethodHandle$Holder.invokeStatic(java.lang.Object, java.lang.Object, java.lang.Object, java.lang.Object)'> (0x00000000e2919448) 
thrown [s\src\hotspot\share\interpreter\linkResolver.cpp, line 759]
Event: 15.261 Thread 0x0000017e11378fc0 Exception <a 'java/lang/NoSuchMethodError'{0x00000000e291ca80}: 'int java.lang.invoke.DirectMethodHandle$Holder.invokeStaticInit(java.lang.Object, java.lang.Object, java.lang.Object, java.lang.Object)'> (0x00000000e291ca80) 
thrown [s\src\hotspot\share\interpreter\linkResolver.cpp, line 759]
Event: 15.263 Thread 0x0000017e11378fc0 Exception <a 'java/lang/IncompatibleClassChangeError'{0x00000000e2925958}: Found class java.lang.Object, but interface was expected> (0x00000000e2925958) 
thrown [s\src\hotspot\share\interpreter\linkResolver.cpp, line 826]
Event: 15.264 Thread 0x0000017e11378fc0 Exception <a 'java/lang/NoSuchMethodError'{0x00000000e29285e0}: 'void java.lang.invoke.DirectMethodHandle$Holder.invokeStatic(java.lang.Object, java.lang.Object)'> (0x00000000e29285e0) 
thrown [s\src\hotspot\share\interpreter\linkResolver.cpp, line 759]
Event: 15.264 Thread 0x0000017e11378fc0 Exception <a 'java/lang/NoSuchMethodError'{0x00000000e292b938}: 'void java.lang.invoke.DirectMethodHandle$Holder.invokeStaticInit(java.lang.Object, java.lang.Object)'> (0x00000000e292b938) 
thrown [s\src\hotspot\share\interpreter\linkResolver.cpp, line 759]
Event: 15.265 Thread 0x0000017e11378fc0 Exception <a 'java/lang/NoSuchMethodError'{0x00000000e2931230}: 'int java.lang.invoke.DirectMethodHandle$Holder.invokeStaticInit(java.lang.Object, java.lang.Object)'> (0x00000000e2931230) 
thrown [s\src\hotspot\share\interpreter\linkResolver.cpp, line 759]
Event: 15.296 Thread 0x0000017e11378fc0 Exception <a 'java/lang/NoSuchMethodError'{0x00000000e29e50a0}: 'java.lang.Object java.lang.invoke.DirectMethodHandle$Holder.invokeStaticInit(java.lang.Object)'> (0x00000000e29e50a0) 
thrown [s\src\hotspot\share\interpreter\linkResolver.cpp, line 759]
Event: 15.353 Thread 0x0000017e11378fc0 Exception <a 'java/lang/ClassNotFoundException'{0x00000000e29f6d80}: jdk/net/ExtendedSocketOptions> (0x00000000e29f6d80) 
thrown [s\src\hotspot\share\classfile\systemDictionary.cpp, line 256]
Event: 15.406 Thread 0x0000017e11378fc0 Exception <a 'java/lang/NoSuchMethodError'{0x00000000e2838b10}: 'int java.lang.invoke.DirectMethodHandle$Holder.invokeSpecial(java.lang.Object, java.lang.Object, java.lang.Object)'> (0x00000000e2838b10) 
thrown [s\src\hotspot\share\interpreter\linkResolver.cpp, line 759]
Event: 15.518 Thread 0x0000017e11378fc0 Exception <a 'java/lang/NoSuchMethodError'{0x00000000e270ba20}: 'java.lang.Object java.lang.invoke.DirectMethodHandle$Holder.invokeStaticInit(java.lang.Object, int, int, int, int)'> (0x00000000e270ba20) 
thrown [s\src\hotspot\share\interpreter\linkResolver.cpp, line 759]
Event: 15.710 Thread 0x0000017e11378fc0 Exception <a 'java/lang/NoSuchMethodError'{0x00000000e27e3bf0}: 'java.lang.Object java.lang.invoke.DirectMethodHandle$Holder.invokeStaticInit(java.lang.Object, java.lang.Object, int, int, int, int)'> (0x00000000e27e3bf0) 
thrown [s\src\hotspot\share\interpreter\linkResolver.cpp, line 759]
Event: 15.815 Thread 0x0000017e11378fc0 Exception <a 'sun/nio/fs/WindowsException'{0x00000000e243b988}> (0x00000000e243b988) 
thrown [s\src\hotspot\share\prims\jni.cpp, line 516]
Event: 15.824 Thread 0x0000017e11378fc0 Exception <a 'sun/nio/fs/WindowsException'{0x00000000e2451bb0}> (0x00000000e2451bb0) 
thrown [s\src\hotspot\share\prims\jni.cpp, line 516]
Event: 15.901 Thread 0x0000017e11378fc0 Exception <a 'java/lang/NoSuchMethodError'{0x00000000e2484f28}: 'void java.lang.invoke.DirectMethodHandle$Holder.invokeStatic(java.lang.Object, java.lang.Object, java.lang.Object)'> (0x00000000e2484f28) 
thrown [s\src\hotspot\share\interpreter\linkResolver.cpp, line 759]

VM Operations (20 events):
Event: 0.827 Executing VM operation: HandshakeAllThreads
Event: 0.827 Executing VM operation: HandshakeAllThreads done
Event: 1.836 Executing VM operation: Cleanup
Event: 1.836 Executing VM operation: Cleanup done
Event: 15.206 Executing VM operation: HandshakeAllThreads
Event: 15.206 Executing VM operation: HandshakeAllThreads done
Event: 15.206 Executing VM operation: Cleanup
Event: 15.206 Executing VM operation: Cleanup done
Event: 15.248 Executing VM operation: HandshakeAllThreads
Event: 15.248 Executing VM operation: HandshakeAllThreads done
Event: 15.309 Executing VM operation: HandshakeAllThreads
Event: 15.309 Executing VM operation: HandshakeAllThreads done
Event: 15.495 Executing VM operation: HandshakeAllThreads
Event: 15.495 Executing VM operation: HandshakeAllThreads done
Event: 15.792 Executing VM operation: HandshakeAllThreads
Event: 15.792 Executing VM operation: HandshakeAllThreads done
Event: 15.816 Executing VM operation: HandshakeAllThreads
Event: 15.816 Executing VM operation: HandshakeAllThreads done
Event: 15.980 Executing VM operation: G1CollectForAllocation
Event: 15.990 Executing VM operation: G1CollectForAllocation done

Events (20 events):
Event: 16.028 loading class java/util/concurrent/atomic/AtomicReferenceFieldUpdater$AtomicReferenceFieldUpdaterImpl
Event: 16.028 loading class java/util/concurrent/atomic/AtomicReferenceFieldUpdater$AtomicReferenceFieldUpdaterImpl done
Event: 16.028 loading class java/util/concurrent/atomic/AtomicReferenceFieldUpdater$AtomicReferenceFieldUpdaterImpl$1
Event: 16.028 loading class java/util/concurrent/atomic/AtomicReferenceFieldUpdater$AtomicReferenceFieldUpdaterImpl$1 done
Event: 16.029 loading class java/util/concurrent/atomic/AtomicIntegerFieldUpdater
Event: 16.029 loading class java/util/concurrent/atomic/AtomicIntegerFieldUpdater done
Event: 16.029 loading class sun/reflect/misc/ReflectUtil
Event: 16.030 loading class sun/reflect/misc/ReflectUtil done
Event: 16.030 loading class java/util/concurrent/atomic/AtomicIntegerFieldUpdater$AtomicIntegerFieldUpdaterImpl
Event: 16.030 loading class java/util/concurrent/atomic/AtomicIntegerFieldUpdater$AtomicIntegerFieldUpdaterImpl done
Event: 16.030 loading class java/util/concurrent/atomic/AtomicIntegerFieldUpdater$AtomicIntegerFieldUpdaterImpl$1
Event: 16.030 loading class java/util/concurrent/atomic/AtomicIntegerFieldUpdater$AtomicIntegerFieldUpdaterImpl$1 done
Event: 16.059 loading class java/lang/invoke/DirectMethodHandle$Special
Event: 16.059 loading class java/lang/invoke/DirectMethodHandle$Special done
Event: 16.067 loading class java/net/UnknownHostException
Event: 16.067 loading class java/net/UnknownHostException done
Event: 16.069 loading class java/io/CharArrayReader
Event: 16.069 loading class java/io/CharArrayReader done
Event: 16.069 loading class java/math/BigDecimal
Event: 16.071 loading class java/math/BigDecimal done


Dynamic libraries:
0x00007ff7b9f10000 - 0x00007ff7b9f1e000 	C:\Users\joao-nahmias\.p2\pool\plugins\org.eclipse.justj.openjdk.hotspot.jre.full.win32.x86_64_17.0.4.v20221004-1257\jre\bin\javaw.exe
0x00007ffbc99b0000 - 0x00007ffbc9bc4000 	C:\Windows\SYSTEM32\ntdll.dll
0x00007ffbc98a0000 - 0x00007ffbc9962000 	C:\Windows\System32\KERNEL32.DLL
0x00007ffbc6e60000 - 0x00007ffbc71fd000 	C:\Windows\System32\KERNELBASE.dll
0x00007ffbc7690000 - 0x00007ffbc77a1000 	C:\Windows\System32\ucrtbase.dll
0x00007ffbc0e40000 - 0x00007ffbc0e58000 	C:\Users\joao-nahmias\.p2\pool\plugins\org.eclipse.justj.openjdk.hotspot.jre.full.win32.x86_64_17.0.4.v20221004-1257\jre\bin\jli.dll
0x00007ffbbb8b0000 - 0x00007ffbbb8c9000 	C:\Users\joao-nahmias\.p2\pool\plugins\org.eclipse.justj.openjdk.hotspot.jre.full.win32.x86_64_17.0.4.v20221004-1257\jre\bin\VCRUNTIME140.dll
0x00007ffbc7820000 - 0x00007ffbc79ca000 	C:\Windows\System32\USER32.dll
0x00007ffbc7360000 - 0x00007ffbc7386000 	C:\Windows\System32\win32u.dll
0x00007ffbc97b0000 - 0x00007ffbc97d9000 	C:\Windows\System32\GDI32.dll
0x00007ffbc7500000 - 0x00007ffbc7612000 	C:\Windows\System32\gdi32full.dll
0x00007ffbb8090000 - 0x00007ffbb831e000 	C:\Windows\WinSxS\amd64_microsoft.windows.common-controls_6595b64144ccf1df_6.0.22621.608_none_a9444ca7c10bb01d\COMCTL32.dll
0x00007ffbc7200000 - 0x00007ffbc729a000 	C:\Windows\System32\msvcp_win.dll
0x00007ffbc8a80000 - 0x00007ffbc8b27000 	C:\Windows\System32\msvcrt.dll
0x00007ffbc7ef0000 - 0x00007ffbc7f22000 	C:\Windows\System32\IMM32.DLL
0x00007ffbc41b0000 - 0x00007ffbc41bc000 	C:\Users\joao-nahmias\.p2\pool\plugins\org.eclipse.justj.openjdk.hotspot.jre.full.win32.x86_64_17.0.4.v20221004-1257\jre\bin\vcruntime140_1.dll
0x00007ffbb2880000 - 0x00007ffbb2911000 	C:\Users\joao-nahmias\.p2\pool\plugins\org.eclipse.justj.openjdk.hotspot.jre.full.win32.x86_64_17.0.4.v20221004-1257\jre\bin\msvcp140.dll
0x00007ffb98460000 - 0x00007ffb990a6000 	C:\Users\joao-nahmias\.p2\pool\plugins\org.eclipse.justj.openjdk.hotspot.jre.full.win32.x86_64_17.0.4.v20221004-1257\jre\bin\server\jvm.dll
0x00007ffbc8640000 - 0x00007ffbc86ee000 	C:\Windows\System32\ADVAPI32.dll
0x00007ffbc97f0000 - 0x00007ffbc9894000 	C:\Windows\System32\sechost.dll
0x00007ffbc79d0000 - 0x00007ffbc7ae5000 	C:\Windows\System32\RPCRT4.dll
0x00007ffbc9320000 - 0x00007ffbc9328000 	C:\Windows\System32\PSAPI.DLL
0x00007ffbbcbc0000 - 0x00007ffbbcbca000 	C:\Windows\SYSTEM32\VERSION.dll
0x00007ffbb6e80000 - 0x00007ffbb6e89000 	C:\Windows\SYSTEM32\WSOCK32.dll
0x00007ffbbfcc0000 - 0x00007ffbbfcf4000 	C:\Windows\SYSTEM32\WINMM.dll
0x00007ffbc8300000 - 0x00007ffbc8371000 	C:\Windows\System32\WS2_32.dll
0x00007ffbc5e50000 - 0x00007ffbc5e68000 	C:\Windows\SYSTEM32\kernel.appcore.dll
0x00007ffbc14e0000 - 0x00007ffbc14ea000 	C:\Users\joao-nahmias\.p2\pool\plugins\org.eclipse.justj.openjdk.hotspot.jre.full.win32.x86_64_17.0.4.v20221004-1257\jre\bin\jimage.dll
0x00007ffbb7820000 - 0x00007ffbb7a4e000 	C:\Windows\SYSTEM32\DBGHELP.DLL
0x00007ffbc86f0000 - 0x00007ffbc8a7a000 	C:\Windows\System32\combase.dll
0x00007ffbc8220000 - 0x00007ffbc82f7000 	C:\Windows\System32\OLEAUT32.dll
0x00007ffbb77e0000 - 0x00007ffbb7812000 	C:\Windows\SYSTEM32\dbgcore.DLL
0x00007ffbc6de0000 - 0x00007ffbc6e5b000 	C:\Windows\System32\bcryptPrimitives.dll
0x00007ffbb01f0000 - 0x00007ffbb0215000 	C:\Users\joao-nahmias\.p2\pool\plugins\org.eclipse.justj.openjdk.hotspot.jre.full.win32.x86_64_17.0.4.v20221004-1257\jre\bin\java.dll
0x00007ffbb3920000 - 0x00007ffbb3938000 	C:\Users\joao-nahmias\.p2\pool\plugins\org.eclipse.justj.openjdk.hotspot.jre.full.win32.x86_64_17.0.4.v20221004-1257\jre\bin\zip.dll
0x00007ffbc8b30000 - 0x00007ffbc9310000 	C:\Windows\System32\SHELL32.dll
0x00007ffbc4e20000 - 0x00007ffbc56e5000 	C:\Windows\SYSTEM32\windows.storage.dll
0x00007ffbc4ce0000 - 0x00007ffbc4e1e000 	C:\Windows\SYSTEM32\wintypes.dll
0x00007ffbc7f30000 - 0x00007ffbc8021000 	C:\Windows\System32\SHCORE.dll
0x00007ffbc8380000 - 0x00007ffbc83de000 	C:\Windows\System32\shlwapi.dll
0x00007ffbc6d10000 - 0x00007ffbc6d31000 	C:\Windows\SYSTEM32\profapi.dll
0x00007ffbb2260000 - 0x00007ffbb2279000 	C:\Users\joao-nahmias\.p2\pool\plugins\org.eclipse.justj.openjdk.hotspot.jre.full.win32.x86_64_17.0.4.v20221004-1257\jre\bin\net.dll
0x00007ffbbd9a0000 - 0x00007ffbbdacf000 	C:\Windows\SYSTEM32\WINHTTP.dll
0x00007ffbc62b0000 - 0x00007ffbc6319000 	C:\Windows\system32\mswsock.dll
0x00007ffbb0a40000 - 0x00007ffbb0a55000 	C:\Users\joao-nahmias\.p2\pool\plugins\org.eclipse.justj.openjdk.hotspot.jre.full.win32.x86_64_17.0.4.v20221004-1257\jre\bin\nio.dll
0x00007ffbc59b0000 - 0x00007ffbc5aa2000 	C:\Windows\SYSTEM32\DNSAPI.dll
0x00007ffbc5940000 - 0x00007ffbc596d000 	C:\Windows\SYSTEM32\IPHLPAPI.DLL
0x00007ffbc8490000 - 0x00007ffbc8499000 	C:\Windows\System32\NSI.dll
0x00007ffbbba50000 - 0x00007ffbbba5a000 	C:\Windows\System32\rasadhlp.dll
0x00007ffbbd340000 - 0x00007ffbbd3c3000 	C:\Windows\System32\fwpuclnt.dll
0x00007ffbc14f0000 - 0x00007ffbc14f9000 	C:\Users\joao-nahmias\.p2\pool\plugins\org.eclipse.justj.openjdk.hotspot.jre.full.win32.x86_64_17.0.4.v20221004-1257\jre\bin\management.dll
0x00007ffbc13a0000 - 0x00007ffbc13ab000 	C:\Users\joao-nahmias\.p2\pool\plugins\org.eclipse.justj.openjdk.hotspot.jre.full.win32.x86_64_17.0.4.v20221004-1257\jre\bin\management_ext.dll
0x00007ffbc64f0000 - 0x00007ffbc650b000 	C:\Windows\SYSTEM32\CRYPTSP.dll
0x00007ffbc5dc0000 - 0x00007ffbc5df5000 	C:\Windows\system32\rsaenh.dll
0x00007ffbc63a0000 - 0x00007ffbc63c8000 	C:\Windows\SYSTEM32\USERENV.dll
0x00007ffbc66b0000 - 0x00007ffbc66d8000 	C:\Windows\SYSTEM32\bcrypt.dll
0x00007ffbc6510000 - 0x00007ffbc651c000 	C:\Windows\SYSTEM32\CRYPTBASE.dll
0x00007ffbbd8e0000 - 0x00007ffbbd8f9000 	C:\Windows\SYSTEM32\dhcpcsvc6.DLL
0x00007ffbbd8c0000 - 0x00007ffbbd8df000 	C:\Windows\SYSTEM32\dhcpcsvc.DLL
0x00007ffbb7e40000 - 0x00007ffbb7e4e000 	C:\Users\joao-nahmias\.p2\pool\plugins\org.eclipse.justj.openjdk.hotspot.jre.full.win32.x86_64_17.0.4.v20221004-1257\jre\bin\sunmscapi.dll
0x00007ffbc7390000 - 0x00007ffbc74f6000 	C:\Windows\System32\CRYPT32.dll
0x00007ffbc6680000 - 0x00007ffbc66ad000 	C:\Windows\SYSTEM32\ncrypt.dll
0x00007ffbc6640000 - 0x00007ffbc6677000 	C:\Windows\SYSTEM32\NTASN1.dll

dbghelp: loaded successfully - version: 4.0.5 - missing functions: none
symbol engine: initialized successfully - sym options: 0x614 - pdb path: .;C:\Users\joao-nahmias\.p2\pool\plugins\org.eclipse.justj.openjdk.hotspot.jre.full.win32.x86_64_17.0.4.v20221004-1257\jre\bin;C:\Windows\SYSTEM32;C:\Windows\WinSxS\amd64_microsoft.windows.common-controls_6595b64144ccf1df_6.0.22621.608_none_a9444ca7c10bb01d;C:\Users\joao-nahmias\.p2\pool\plugins\org.eclipse.justj.openjdk.hotspot.jre.full.win32.x86_64_17.0.4.v20221004-1257\jre\bin\server

VM Arguments:
jvm_args: -Dfile.encoding=UTF-8 --module-path=C:\Users\joao-nahmias\eclipse-workspace\Hospital\bin;C:\Users\joao-nahmias\Downloads\postgresql-42.5.0 (1).jar -XX:+ShowCodeDetailsInExceptionMessages -Djdk.module.main=Hospital 
java_command: Hospital/Visao.Principal
java_class_path (initial): <not set>
Launcher Type: SUN_STANDARD

[Global flags]
     intx CICompilerCount                          = 3                                         {product} {ergonomic}
     uint ConcGCThreads                            = 1                                         {product} {ergonomic}
     uint G1ConcRefinementThreads                  = 4                                         {product} {ergonomic}
   size_t G1HeapRegionSize                         = 1048576                                   {product} {ergonomic}
    uintx GCDrainStackTargetSize                   = 64                                        {product} {ergonomic}
   size_t InitialHeapSize                          = 33554432                                  {product} {ergonomic}
   size_t MarkStackSize                            = 4194304                                   {product} {ergonomic}
   size_t MaxHeapSize                              = 520093696                                 {product} {ergonomic}
   size_t MaxNewSize                               = 311427072                                 {product} {ergonomic}
   size_t MinHeapDeltaBytes                        = 1048576                                   {product} {ergonomic}
   size_t MinHeapSize                              = 8388608                                   {product} {ergonomic}
    uintx NonNMethodCodeHeapSize                   = 5832780                                {pd product} {ergonomic}
    uintx NonProfiledCodeHeapSize                  = 122912730                              {pd product} {ergonomic}
    uintx ProfiledCodeHeapSize                     = 122912730                              {pd product} {ergonomic}
    uintx ReservedCodeCacheSize                    = 251658240                              {pd product} {ergonomic}
     bool SegmentedCodeCache                       = true                                      {product} {ergonomic}
     bool ShowCodeDetailsInExceptionMessages       = true                                   {manageable} {command line}
   size_t SoftMaxHeapSize                          = 520093696                              {manageable} {ergonomic}
     bool UseCompressedClassPointers               = true                           {product lp64_product} {ergonomic}
     bool UseCompressedOops                        = true                           {product lp64_product} {ergonomic}
     bool UseG1GC                                  = true                                      {product} {ergonomic}
     bool UseLargePagesIndividualAllocation        = false                                  {pd product} {ergonomic}

Logging:
Log output configuration:
 #0: stdout all=warning uptime,level,tags
 #1: stderr all=off uptime,level,tags

Environment Variables:
PATH=C:/Users/joao-nahmias/.p2/pool/plugins/org.eclipse.justj.openjdk.hotspot.jre.full.win32.x86_64_17.0.4.v20221004-1257/jre/bin/server;C:/Users/joao-nahmias/.p2/pool/plugins/org.eclipse.justj.openjdk.hotspot.jre.full.win32.x86_64_17.0.4.v20221004-1257/jre/bin;C:\Windows\system32;C:\Windows;C:\Windows\System32\Wbem;C:\Windows\System32\WindowsPowerShell\v1.0\;C:\Windows\System32\OpenSSH\;C:\Users\joao-nahmias\AppData\Local\Microsoft\WindowsApps;;C:\Users\joao-nahmias\AppData\Local\Programs\Microsoft VS Code\bin;C:\Windows\System32;
USERNAME=joao-nahmias
OS=Windows_NT
PROCESSOR_IDENTIFIER=Intel64 Family 6 Model 42 Stepping 7, GenuineIntel
TMP=C:\Users\JOAO-N~1\AppData\Local\Temp
TEMP=C:\Users\JOAO-N~1\AppData\Local\Temp



---------------  S Y S T E M  ---------------

OS:
 Windows 11 , 64 bit Build 22621 (10.0.22621.755)
OS uptime: 1 days 5:31 hours

CPU: total 4 (initial active 4) (2 cores per cpu, 2 threads per core) family 6 model 42 stepping 7 microcode 0x2f, cx8, cmov, fxsr, ht, mmx, sse, sse2, sse3, ssse3, sse4.1, sse4.2, popcnt, tsc, tscinvbit, avx, clmul, vzeroupper, clflush

Memory: 4k page, system-wide physical 1982M (176M free)
TotalPageFile size 8126M (AvailPageFile size 4M)
current process WorkingSet (physical memory assigned to process): 73M, peak: 73M
current process commit charge ("private bytes"): 118M, peak: 119M

vm_info: OpenJDK 64-Bit Server VM (17.0.4.1+1) for windows-amd64 JRE (17.0.4.1+1), built on Aug 17 2022 07:42:43 by "temurin" with MS VC++ 16.7 (VS2019)

END.
